<?xml version="1.0" encoding="UTF-8"?>
<coverage generated="1634323549732" clover="3.2.0">
  <project timestamp="1634323549732" name="All files">
    <metrics statements="248" coveredstatements="164" conditionals="141" coveredconditionals="30" methods="49" coveredmethods="23" elements="438" coveredelements="217" complexity="0" loc="248" ncloc="248" packages="3" files="26" classes="26"/>
    <package name="src">
      <metrics statements="152" coveredstatements="94" conditionals="89" coveredconditionals="20" methods="26" coveredmethods="18"/>
      <file name="ctor-ensure.decorator.ts" path="/Users/blvckbytes/Documents/Projects/ctor-ensure/src/ctor-ensure.decorator.ts">
        <metrics statements="40" coveredstatements="39" conditionals="11" coveredconditionals="9" methods="8" coveredmethods="7"/>
        <line num="3" count="1" type="stmt"/>
        <line num="4" count="1" type="stmt"/>
        <line num="5" count="1" type="stmt"/>
        <line num="6" count="1" type="stmt"/>
        <line num="7" count="1" type="stmt"/>
        <line num="12" count="1" type="stmt"/>
        <line num="13" count="1" type="stmt"/>
        <line num="16" count="1" type="stmt"/>
        <line num="27" count="1" type="stmt"/>
        <line num="28" count="1" type="stmt"/>
        <line num="35" count="2" type="stmt"/>
        <line num="44" count="1" type="stmt"/>
        <line num="47" count="4" type="stmt"/>
        <line num="49" count="4" type="stmt"/>
        <line num="53" count="4" type="stmt"/>
        <line num="55" count="2" type="stmt"/>
        <line num="61" count="2" type="stmt"/>
        <line num="62" count="2" type="stmt"/>
        <line num="65" count="0" type="stmt"/>
        <line num="70" count="2" type="stmt"/>
        <line num="73" count="2" type="stmt"/>
        <line num="74" count="2" type="stmt"/>
        <line num="77" count="2" type="cond" truecount="1" falsecount="1"/>
        <line num="79" count="2" type="stmt"/>
        <line num="80" count="2" type="stmt"/>
        <line num="83" count="2" type="stmt"/>
        <line num="84" count="2" type="stmt"/>
        <line num="85" count="8" type="stmt"/>
        <line num="88" count="8" type="stmt"/>
        <line num="98" count="8" type="cond" truecount="2" falsecount="0"/>
        <line num="99" count="1" type="stmt"/>
        <line num="100" count="1" type="stmt"/>
        <line num="103" count="1" type="cond" truecount="1" falsecount="1"/>
        <line num="108" count="2" type="cond" truecount="2" falsecount="0"/>
        <line num="114" count="2" type="cond" truecount="2" falsecount="0"/>
        <line num="117" count="1" type="stmt"/>
        <line num="121" count="4" type="stmt"/>
        <line num="122" count="4" type="stmt"/>
        <line num="123" count="6" type="stmt"/>
        <line num="127" count="4" type="stmt"/>
      </file>
      <file name="ctor-ensure.exception.ts" path="/Users/blvckbytes/Documents/Projects/ctor-ensure/src/ctor-ensure.exception.ts">
        <metrics statements="6" coveredstatements="6" conditionals="0" coveredconditionals="0" methods="1" coveredmethods="1"/>
        <line num="3" count="1" type="stmt"/>
        <line num="14" count="1" type="stmt"/>
        <line num="17" count="1" type="stmt"/>
        <line num="19" count="1" type="stmt"/>
        <line num="20" count="1" type="stmt"/>
        <line num="24" count="1" type="stmt"/>
      </file>
      <file name="description-template.factory.ts" path="/Users/blvckbytes/Documents/Projects/ctor-ensure/src/description-template.factory.ts">
        <metrics statements="84" coveredstatements="28" conditionals="63" coveredconditionals="5" methods="11" coveredmethods="7"/>
        <line num="1" count="1" type="stmt"/>
        <line num="4" count="1" type="stmt"/>
        <line num="17" count="1" type="stmt"/>
        <line num="27" count="1" type="stmt"/>
        <line num="28" count="0" type="stmt"/>
        <line num="37" count="1" type="stmt"/>
        <line num="38" count="1" type="stmt"/>
        <line num="41" count="1" type="stmt"/>
        <line num="45" count="1" type="stmt"/>
        <line num="48" count="10" type="stmt"/>
        <line num="50" count="20" type="stmt"/>
        <line num="52" count="20" type="cond" truecount="1" falsecount="1"/>
        <line num="54" count="22" type="cond" truecount="1" falsecount="2"/>
        <line num="58" count="0" type="stmt"/>
        <line num="59" count="0" type="stmt"/>
        <line num="64" count="1" type="stmt"/>
        <line num="73" count="1" type="stmt"/>
        <line num="74" count="1" type="stmt"/>
        <line num="75" count="1" type="stmt"/>
        <line num="79" count="0" type="stmt"/>
        <line num="84" count="0" type="stmt"/>
        <line num="87" count="1" type="stmt"/>
        <line num="95" count="1" type="stmt"/>
        <line num="105" count="1" type="stmt"/>
        <line num="106" count="0" type="stmt"/>
        <line num="109" count="0" type="stmt"/>
        <line num="112" count="0" type="stmt"/>
        <line num="114" count="0" type="stmt"/>
        <line num="115" count="0" type="stmt"/>
        <line num="116" count="0" type="stmt"/>
        <line num="117" count="0" type="stmt"/>
        <line num="118" count="0" type="stmt"/>
        <line num="119" count="0" type="stmt"/>
        <line num="122" count="0" type="stmt"/>
        <line num="123" count="0" type="stmt"/>
        <line num="125" count="0" type="cond" truecount="0" falsecount="2"/>
        <line num="126" count="0" type="cond" truecount="0" falsecount="2"/>
        <line num="127" count="0" type="cond" truecount="0" falsecount="2"/>
        <line num="128" count="0" type="cond" truecount="0" falsecount="2"/>
        <line num="131" count="0" type="cond" truecount="0" falsecount="2"/>
        <line num="132" count="0" type="stmt"/>
        <line num="135" count="0" type="cond" truecount="0" falsecount="7"/>
        <line num="136" count="0" type="stmt"/>
        <line num="142" count="0" type="cond" truecount="0" falsecount="4"/>
        <line num="143" count="0" type="stmt"/>
        <line num="145" count="0" type="cond" truecount="0" falsecount="2"/>
        <line num="156" count="0" type="cond" truecount="0" falsecount="2"/>
        <line num="159" count="0" type="cond" truecount="0" falsecount="2"/>
        <line num="162" count="0" type="cond" truecount="0" falsecount="2"/>
        <line num="165" count="0" type="stmt"/>
        <line num="169" count="0" type="cond" truecount="0" falsecount="6"/>
        <line num="171" count="0" type="cond" truecount="0" falsecount="2"/>
        <line num="173" count="0" type="stmt"/>
        <line num="176" count="0" type="stmt"/>
        <line num="180" count="0" type="cond" truecount="0" falsecount="4"/>
        <line num="182" count="0" type="stmt"/>
        <line num="185" count="0" type="stmt"/>
        <line num="186" count="0" type="cond" truecount="0" falsecount="2"/>
        <line num="189" count="0" type="stmt"/>
        <line num="192" count="0" type="stmt"/>
        <line num="197" count="0" type="stmt"/>
        <line num="200" count="0" type="stmt"/>
        <line num="203" count="0" type="cond" truecount="0" falsecount="2"/>
        <line num="205" count="0" type="stmt"/>
        <line num="208" count="0" type="stmt"/>
        <line num="211" count="0" type="stmt"/>
        <line num="216" count="0" type="stmt"/>
        <line num="220" count="0" type="stmt"/>
        <line num="224" count="0" type="stmt"/>
        <line num="227" count="0" type="stmt"/>
        <line num="234" count="0" type="stmt"/>
        <line num="235" count="0" type="cond" truecount="0" falsecount="2"/>
        <line num="238" count="0" type="stmt"/>
        <line num="248" count="1" type="stmt"/>
        <line num="253" count="1" type="stmt"/>
        <line num="256" count="1" type="cond" truecount="1" falsecount="1"/>
        <line num="257" count="0" type="stmt"/>
        <line num="260" count="1" type="stmt"/>
        <line num="264" count="1" type="stmt"/>
        <line num="267" count="1" type="stmt"/>
        <line num="268" count="0" type="stmt"/>
        <line num="271" count="1" type="stmt"/>
        <line num="272" count="1" type="stmt"/>
        <line num="275" count="1" type="stmt"/>
      </file>
      <file name="field-type.enum.ts" path="/Users/blvckbytes/Documents/Projects/ctor-ensure/src/field-type.enum.ts">
        <metrics statements="6" coveredstatements="6" conditionals="2" coveredconditionals="2" methods="1" coveredmethods="1"/>
        <line num="4" count="1" type="cond" truecount="2" falsecount="0"/>
        <line num="5" count="1" type="stmt"/>
        <line num="6" count="1" type="stmt"/>
        <line num="7" count="1" type="stmt"/>
        <line num="8" count="1" type="stmt"/>
        <line num="11" count="1" type="stmt"/>
      </file>
      <file name="util.ts" path="/Users/blvckbytes/Documents/Projects/ctor-ensure/src/util.ts">
        <metrics statements="2" coveredstatements="2" conditionals="3" coveredconditionals="0" methods="2" coveredmethods="0"/>
        <line num="8" count="1" type="cond" truecount="0" falsecount="2"/>
        <line num="18" count="1" type="cond" truecount="0" falsecount="1"/>
      </file>
      <file name="validated-arg.decorator.ts" path="/Users/blvckbytes/Documents/Projects/ctor-ensure/src/validated-arg.decorator.ts">
        <metrics statements="14" coveredstatements="13" conditionals="10" coveredconditionals="4" methods="3" coveredmethods="2"/>
        <line num="1" count="1" type="stmt"/>
        <line num="11" count="1" type="stmt"/>
        <line num="15" count="1" type="stmt"/>
        <line num="17" count="1" type="cond" truecount="1" falsecount="1"/>
        <line num="18" count="1" type="stmt"/>
        <line num="21" count="1" type="stmt"/>
        <line num="25" count="1" type="stmt"/>
        <line num="26" count="0" type="cond" truecount="0" falsecount="2"/>
        <line num="30" count="1" type="cond" truecount="1" falsecount="1"/>
        <line num="31" count="1" type="stmt"/>
        <line num="37" count="1" type="stmt"/>
        <line num="41" count="1" type="cond" truecount="1" falsecount="1"/>
        <line num="42" count="1" type="stmt"/>
        <line num="45" count="1" type="stmt"/>
      </file>
    </package>
    <package name="src.ensure">
      <metrics statements="53" coveredstatements="50" conditionals="10" coveredconditionals="0" methods="16" coveredmethods="1"/>
      <file name="alphanum.validation-ensure.ts" path="/Users/blvckbytes/Documents/Projects/ctor-ensure/src/ensure/alphanum.validation-ensure.ts">
        <metrics statements="3" coveredstatements="3" conditionals="0" coveredconditionals="0" methods="1" coveredmethods="0"/>
        <line num="1" count="1" type="stmt"/>
        <line num="9" count="1" type="stmt"/>
        <line num="14" count="1" type="stmt"/>
      </file>
      <file name="email.validation-ensure.ts" path="/Users/blvckbytes/Documents/Projects/ctor-ensure/src/ensure/email.validation-ensure.ts">
        <metrics statements="4" coveredstatements="4" conditionals="0" coveredconditionals="0" methods="1" coveredmethods="0"/>
        <line num="1" count="1" type="stmt"/>
        <line num="6" count="1" type="stmt"/>
        <line num="12" count="1" type="stmt"/>
        <line num="17" count="1" type="stmt"/>
      </file>
      <file name="equals.validation-ensure.ts" path="/Users/blvckbytes/Documents/Projects/ctor-ensure/src/ensure/equals.validation-ensure.ts">
        <metrics statements="3" coveredstatements="3" conditionals="0" coveredconditionals="0" methods="1" coveredmethods="0"/>
        <line num="1" count="1" type="stmt"/>
        <line num="10" count="1" type="stmt"/>
        <line num="18" count="1" type="stmt"/>
      </file>
      <file name="existing.validation-ensure.ts" path="/Users/blvckbytes/Documents/Projects/ctor-ensure/src/ensure/existing.validation-ensure.ts">
        <metrics statements="4" coveredstatements="4" conditionals="0" coveredconditionals="0" methods="1" coveredmethods="0"/>
        <line num="1" count="1" type="stmt"/>
        <line num="2" count="1" type="stmt"/>
        <line num="10" count="1" type="stmt"/>
        <line num="16" count="1" type="stmt"/>
      </file>
      <file name="float.validation-ensure.ts" path="/Users/blvckbytes/Documents/Projects/ctor-ensure/src/ensure/float.validation-ensure.ts">
        <metrics statements="4" coveredstatements="4" conditionals="0" coveredconditionals="0" methods="1" coveredmethods="0"/>
        <line num="1" count="1" type="stmt"/>
        <line num="2" count="1" type="stmt"/>
        <line num="10" count="1" type="stmt"/>
        <line num="15" count="1" type="stmt"/>
      </file>
      <file name="int.validation-ensure.ts" path="/Users/blvckbytes/Documents/Projects/ctor-ensure/src/ensure/int.validation-ensure.ts">
        <metrics statements="3" coveredstatements="3" conditionals="0" coveredconditionals="0" methods="1" coveredmethods="0"/>
        <line num="1" count="1" type="stmt"/>
        <line num="9" count="1" type="stmt"/>
        <line num="14" count="1" type="stmt"/>
      </file>
      <file name="max.validation-ensure.ts" path="/Users/blvckbytes/Documents/Projects/ctor-ensure/src/ensure/max.validation-ensure.ts">
        <metrics statements="3" coveredstatements="3" conditionals="0" coveredconditionals="0" methods="1" coveredmethods="0"/>
        <line num="3" count="1" type="stmt"/>
        <line num="10" count="1" type="stmt"/>
        <line num="12" count="1" type="stmt"/>
      </file>
      <file name="min.validation-ensure.ts" path="/Users/blvckbytes/Documents/Projects/ctor-ensure/src/ensure/min.validation-ensure.ts">
        <metrics statements="3" coveredstatements="3" conditionals="0" coveredconditionals="0" methods="1" coveredmethods="0"/>
        <line num="3" count="1" type="stmt"/>
        <line num="10" count="1" type="stmt"/>
        <line num="12" count="1" type="stmt"/>
      </file>
      <file name="minmax.validation-ensure.ts" path="/Users/blvckbytes/Documents/Projects/ctor-ensure/src/ensure/minmax.validation-ensure.ts">
        <metrics statements="5" coveredstatements="3" conditionals="10" coveredconditionals="0" methods="1" coveredmethods="0"/>
        <line num="1" count="1" type="stmt"/>
        <line num="11" count="1" type="stmt"/>
        <line num="12" count="0" type="cond" truecount="0" falsecount="4"/>
        <line num="13" count="0" type="stmt"/>
        <line num="21" count="1" type="stmt"/>
      </file>
      <file name="nonempty.validation-ensure.ts" path="/Users/blvckbytes/Documents/Projects/ctor-ensure/src/ensure/nonempty.validation-ensure.ts">
        <metrics statements="3" coveredstatements="3" conditionals="0" coveredconditionals="0" methods="1" coveredmethods="1"/>
        <line num="1" count="1" type="stmt"/>
        <line num="9" count="1" type="stmt"/>
        <line num="14" count="1" type="stmt"/>
      </file>
      <file name="nonnull.validation-ensure.ts" path="/Users/blvckbytes/Documents/Projects/ctor-ensure/src/ensure/nonnull.validation-ensure.ts">
        <metrics statements="4" coveredstatements="4" conditionals="0" coveredconditionals="0" methods="1" coveredmethods="0"/>
        <line num="1" count="1" type="stmt"/>
        <line num="2" count="1" type="stmt"/>
        <line num="10" count="1" type="stmt"/>
        <line num="16" count="1" type="stmt"/>
      </file>
      <file name="pattern.validation-ensure.ts" path="/Users/blvckbytes/Documents/Projects/ctor-ensure/src/ensure/pattern.validation-ensure.ts">
        <metrics statements="3" coveredstatements="2" conditionals="0" coveredconditionals="0" methods="1" coveredmethods="0"/>
        <line num="8" count="1" type="stmt"/>
        <line num="11" count="0" type="stmt"/>
        <line num="16" count="1" type="stmt"/>
      </file>
      <file name="strdate.validation-ensure.ts" path="/Users/blvckbytes/Documents/Projects/ctor-ensure/src/ensure/strdate.validation-ensure.ts">
        <metrics statements="4" coveredstatements="4" conditionals="0" coveredconditionals="0" methods="1" coveredmethods="0"/>
        <line num="1" count="1" type="stmt"/>
        <line num="5" count="1" type="stmt"/>
        <line num="11" count="1" type="stmt"/>
        <line num="16" count="1" type="stmt"/>
      </file>
      <file name="strfloat.validation-ensure.ts" path="/Users/blvckbytes/Documents/Projects/ctor-ensure/src/ensure/strfloat.validation-ensure.ts">
        <metrics statements="3" coveredstatements="3" conditionals="0" coveredconditionals="0" methods="1" coveredmethods="0"/>
        <line num="1" count="1" type="stmt"/>
        <line num="9" count="1" type="stmt"/>
        <line num="14" count="1" type="stmt"/>
      </file>
      <file name="strint.validation-ensure.ts" path="/Users/blvckbytes/Documents/Projects/ctor-ensure/src/ensure/strint.validation-ensure.ts">
        <metrics statements="2" coveredstatements="2" conditionals="0" coveredconditionals="0" methods="1" coveredmethods="0"/>
        <line num="8" count="1" type="stmt"/>
        <line num="13" count="1" type="stmt"/>
      </file>
      <file name="struuid.validation-ensure.ts" path="/Users/blvckbytes/Documents/Projects/ctor-ensure/src/ensure/struuid.validation-ensure.ts">
        <metrics statements="2" coveredstatements="2" conditionals="0" coveredconditionals="0" methods="1" coveredmethods="0"/>
        <line num="4" count="1" type="stmt"/>
        <line num="10" count="1" type="stmt"/>
      </file>
    </package>
    <package name="src.stage">
      <metrics statements="43" coveredstatements="20" conditionals="42" coveredconditionals="10" methods="7" coveredmethods="4"/>
      <file name="isarray.validation-stage.ts" path="/Users/blvckbytes/Documents/Projects/ctor-ensure/src/stage/isarray.validation-stage.ts">
        <metrics statements="6" coveredstatements="5" conditionals="2" coveredconditionals="1" methods="1" coveredmethods="1"/>
        <line num="1" count="1" type="stmt"/>
        <line num="10" count="1" type="stmt"/>
        <line num="18" count="2" type="cond" truecount="1" falsecount="1"/>
        <line num="19" count="0" type="stmt"/>
        <line num="26" count="2" type="stmt"/>
        <line num="29" count="1" type="stmt"/>
      </file>
      <file name="isequal.validation-stage.ts" path="/Users/blvckbytes/Documents/Projects/ctor-ensure/src/stage/isequal.validation-stage.ts">
        <metrics statements="12" coveredstatements="4" conditionals="14" coveredconditionals="2" methods="2" coveredmethods="1"/>
        <line num="9" count="1" type="stmt"/>
        <line num="18" count="2" type="cond" truecount="2" falsecount="2"/>
        <line num="19" count="2" type="stmt"/>
        <line num="22" count="0" type="stmt"/>
        <line num="23" count="0" type="stmt"/>
        <line num="26" count="0" type="cond" truecount="0" falsecount="4"/>
        <line num="30" count="0" type="cond" truecount="0" falsecount="2"/>
        <line num="31" count="0" type="stmt"/>
        <line num="38" count="0" type="cond" truecount="0" falsecount="4"/>
        <line num="39" count="0" type="stmt"/>
        <line num="47" count="0" type="stmt"/>
        <line num="50" count="1" type="stmt"/>
      </file>
      <file name="ispattern.validation-stage.ts" path="/Users/blvckbytes/Documents/Projects/ctor-ensure/src/stage/ispattern.validation-stage.ts">
        <metrics statements="6" coveredstatements="6" conditionals="7" coveredconditionals="6" methods="1" coveredmethods="1"/>
        <line num="9" count="1" type="stmt"/>
        <line num="18" count="2" type="cond" truecount="1" falsecount="1"/>
        <line num="21" count="2" type="cond" truecount="2" falsecount="0"/>
        <line num="26" count="1" type="stmt"/>
        <line num="32" count="1" type="stmt"/>
        <line num="35" count="1" type="stmt"/>
      </file>
      <file name="istype.validation-stage.ts" path="/Users/blvckbytes/Documents/Projects/ctor-ensure/src/stage/istype.validation-stage.ts">
        <metrics statements="19" coveredstatements="5" conditionals="19" coveredconditionals="1" methods="3" coveredmethods="1"/>
        <line num="2" count="1" type="stmt"/>
        <line num="12" count="1" type="cond" truecount="0" falsecount="2"/>
        <line num="19" count="1" type="cond" truecount="0" falsecount="2"/>
        <line num="24" count="1" type="stmt"/>
        <line num="33" count="1" type="cond" truecount="1" falsecount="1"/>
        <line num="36" count="0" type="stmt"/>
        <line num="37" count="0" type="cond" truecount="0" falsecount="5"/>
        <line num="39" count="0" type="stmt"/>
        <line num="40" count="0" type="stmt"/>
        <line num="43" count="0" type="stmt"/>
        <line num="44" count="0" type="stmt"/>
        <line num="47" count="0" type="cond" truecount="0" falsecount="2"/>
        <line num="48" count="0" type="stmt"/>
        <line num="51" count="0" type="cond" truecount="0" falsecount="2"/>
        <line num="52" count="0" type="stmt"/>
        <line num="55" count="0" type="stmt"/>
        <line num="59" count="0" type="cond" truecount="0" falsecount="4"/>
        <line num="60" count="0" type="stmt"/>
        <line num="66" count="0" type="stmt"/>
      </file>
    </package>
  </project>
</coverage>
