{"/Users/blvckbytes/Documents/Projects/ctor-ensure/src/ctor-ensure.decorator.ts": {"path":"/Users/blvckbytes/Documents/Projects/ctor-ensure/src/ctor-ensure.decorator.ts","statementMap":{"0":{"start":{"line":3,"column":0},"end":{"line":3,"column":58}},"1":{"start":{"line":4,"column":0},"end":{"line":4,"column":61}},"2":{"start":{"line":5,"column":0},"end":{"line":5,"column":61}},"3":{"start":{"line":6,"column":0},"end":{"line":6,"column":65}},"4":{"start":{"line":7,"column":0},"end":{"line":7,"column":63}},"5":{"start":{"line":12,"column":13},"end":{"line":12,"column":60}},"6":{"start":{"line":13,"column":13},"end":{"line":13,"column":62}},"7":{"start":{"line":16,"column":26},"end":{"line":21,"column":2}},"8":{"start":{"line":27,"column":39},"end":{"line":29,"column":1}},"9":{"start":{"line":28,"column":2},"end":{"line":28,"column":32}},"10":{"start":{"line":27,"column":13},"end":{"line":27,"column":39}},"11":{"start":{"line":35,"column":45},"end":{"line":35,"column":95}},"12":{"start":{"line":35,"column":70},"end":{"line":35,"column":95}},"13":{"start":{"line":35,"column":13},"end":{"line":35,"column":45}},"14":{"start":{"line":44,"column":26},"end":{"line":128,"column":3}},"15":{"start":{"line":47,"column":5},"end":{"line":128,"column":3}},"16":{"start":{"line":49,"column":4},"end":{"line":49,"column":69}},"17":{"start":{"line":53,"column":29},"end":{"line":118,"column":5}},"18":{"start":{"line":55,"column":44},"end":{"line":57,"column":null}},"19":{"start":{"line":61,"column":43},"end":{"line":61,"column":45}},"20":{"start":{"line":62,"column":6},"end":{"line":111,"column":11}},"21":{"start":{"line":65,"column":58},"end":{"line":65,"column":79}},"22":{"start":{"line":70,"column":26},"end":{"line":70,"column":55}},"23":{"start":{"line":73,"column":10},"end":{"line":110,"column":null}},"24":{"start":{"line":73,"column":23},"end":{"line":73,"column":24}},"25":{"start":{"line":74,"column":31},"end":{"line":74,"column":53}},"26":{"start":{"line":77,"column":34},"end":{"line":77,"column":75}},"27":{"start":{"line":79,"column":12},"end":{"line":109,"column":null}},"28":{"start":{"line":79,"column":25},"end":{"line":79,"column":26}},"29":{"start":{"line":80,"column":32},"end":{"line":80,"column":41}},"30":{"start":{"line":83,"column":27},"end":{"line":83,"column":31}},"31":{"start":{"line":84,"column":14},"end":{"line":105,"column":null}},"32":{"start":{"line":84,"column":27},"end":{"line":84,"column":28}},"33":{"start":{"line":85,"column":30},"end":{"line":85,"column":50}},"34":{"start":{"line":88,"column":28},"end":{"line":94,"column":null}},"35":{"start":{"line":98,"column":16},"end":{"line":104,"column":null}},"36":{"start":{"line":99,"column":18},"end":{"line":99,"column":35}},"37":{"start":{"line":100,"column":18},"end":{"line":100,"column":33}},"38":{"start":{"line":103,"column":18},"end":{"line":103,"column":53}},"39":{"start":{"line":103,"column":47},"end":{"line":103,"column":53}},"40":{"start":{"line":108,"column":14},"end":{"line":108,"column":33}},"41":{"start":{"line":108,"column":27},"end":{"line":108,"column":33}},"42":{"start":{"line":114,"column":6},"end":{"line":114,"column":80}},"43":{"start":{"line":114,"column":29},"end":{"line":114,"column":80}},"44":{"start":{"line":117,"column":6},"end":{"line":117,"column":33}},"45":{"start":{"line":121,"column":4},"end":{"line":121,"column":44}},"46":{"start":{"line":122,"column":4},"end":{"line":124,"column":7}},"47":{"start":{"line":123,"column":6},"end":{"line":123,"column":80}},"48":{"start":{"line":127,"column":4},"end":{"line":127,"column":23}},"49":{"start":{"line":44,"column":13},"end":{"line":44,"column":26}}},"fnMap":{"0":{"name":"(anonymous_0)","decl":{"start":{"line":27,"column":39},"end":{"line":27,"column":40}},"loc":{"start":{"line":27,"column":72},"end":{"line":29,"column":1}}},"1":{"name":"(anonymous_1)","decl":{"start":{"line":35,"column":45},"end":{"line":35,"column":67}},"loc":{"start":{"line":35,"column":70},"end":{"line":35,"column":95}}},"2":{"name":"(anonymous_2)","decl":{"start":{"line":44,"column":26},"end":{"line":44,"column":null}},"loc":{"start":{"line":47,"column":5},"end":{"line":128,"column":3}}},"3":{"name":"(anonymous_3)","decl":{"start":{"line":47,"column":5},"end":{"line":47,"column":6}},"loc":{"start":{"line":47,"column":45},"end":{"line":128,"column":3}}},"4":{"name":"(anonymous_4)","decl":{"start":{"line":53,"column":29},"end":{"line":53,"column":39}},"loc":{"start":{"line":53,"column":57},"end":{"line":118,"column":5}}},"5":{"name":"(anonymous_5)","decl":{"start":{"line":65,"column":10},"end":{"line":65,"column":11}},"loc":{"start":{"line":65,"column":58},"end":{"line":65,"column":79}}},"6":{"name":"(anonymous_6)","decl":{"start":{"line":68,"column":17},"end":{"line":68,"column":28}},"loc":{"start":{"line":68,"column":31},"end":{"line":111,"column":9}}},"7":{"name":"(anonymous_7)","decl":{"start":{"line":122,"column":43},"end":{"line":122,"column":46}},"loc":{"start":{"line":122,"column":49},"end":{"line":124,"column":5}}}},"branchMap":{"0":{"loc":{"start":{"line":46,"column":2},"end":{"line":46,"column":32}},"type":"default-arg","locations":[{"start":{"line":46,"column":27},"end":{"line":46,"column":32}}]},"1":{"loc":{"start":{"line":77,"column":34},"end":{"line":77,"column":75}},"type":"cond-expr","locations":[{"start":{"line":77,"column":56},"end":{"line":77,"column":63}},{"start":{"line":77,"column":66},"end":{"line":77,"column":75}}]},"2":{"loc":{"start":{"line":98,"column":16},"end":{"line":104,"column":null}},"type":"if","locations":[{"start":{"line":98,"column":16},"end":{"line":104,"column":null}},{"start":{"line":98,"column":16},"end":{"line":104,"column":null}}]},"3":{"loc":{"start":{"line":103,"column":18},"end":{"line":103,"column":53}},"type":"if","locations":[{"start":{"line":103,"column":18},"end":{"line":103,"column":53}},{"start":{"line":103,"column":18},"end":{"line":103,"column":53}}]},"4":{"loc":{"start":{"line":108,"column":14},"end":{"line":108,"column":33}},"type":"if","locations":[{"start":{"line":108,"column":14},"end":{"line":108,"column":33}},{"start":{"line":108,"column":14},"end":{"line":108,"column":33}}]},"5":{"loc":{"start":{"line":114,"column":6},"end":{"line":114,"column":80}},"type":"if","locations":[{"start":{"line":114,"column":6},"end":{"line":114,"column":80}},{"start":{"line":114,"column":6},"end":{"line":114,"column":80}}]}},"s":{"0":1,"1":1,"2":1,"3":1,"4":1,"5":1,"6":1,"7":1,"8":1,"9":1,"10":1,"11":1,"12":2,"13":1,"14":1,"15":4,"16":4,"17":4,"18":2,"19":2,"20":2,"21":0,"22":2,"23":2,"24":2,"25":2,"26":2,"27":2,"28":2,"29":2,"30":2,"31":2,"32":2,"33":8,"34":8,"35":8,"36":1,"37":1,"38":1,"39":1,"40":2,"41":1,"42":2,"43":1,"44":1,"45":4,"46":4,"47":6,"48":4,"49":1},"f":{"0":1,"1":2,"2":4,"3":4,"4":2,"5":0,"6":2,"7":6},"b":{"0":[4],"1":[0,2],"2":[1,7],"3":[1,0],"4":[1,1],"5":[1,1]}}
,"/Users/blvckbytes/Documents/Projects/ctor-ensure/src/ctor-ensure.exception.ts": {"path":"/Users/blvckbytes/Documents/Projects/ctor-ensure/src/ctor-ensure.exception.ts","statementMap":{"0":{"start":{"line":3,"column":0},"end":{"line":3,"column":63}},"1":{"start":{"line":19,"column":4},"end":{"line":19,"column":50}},"2":{"start":{"line":14,"column":20},"end":{"line":14,"column":40}},"3":{"start":{"line":17,"column":20},"end":{"line":17,"column":48}},"4":{"start":{"line":20,"column":4},"end":{"line":20,"column":80}},"5":{"start":{"line":24,"column":0},"end":{"line":24,"column":35}}},"fnMap":{"0":{"name":"(anonymous_0)","decl":{"start":{"line":12,"column":2},"end":{"line":12,"column":null}},"loc":{"start":{"line":17,"column":48},"end":{"line":21,"column":3}}}},"branchMap":{},"s":{"0":1,"1":1,"2":1,"3":1,"4":1,"5":1},"f":{"0":1},"b":{}}
,"/Users/blvckbytes/Documents/Projects/ctor-ensure/src/description-template.factory.ts": {"path":"/Users/blvckbytes/Documents/Projects/ctor-ensure/src/description-template.factory.ts","statementMap":{"0":{"start":{"line":1,"column":0},"end":{"line":1,"column":43}},"1":{"start":{"line":4,"column":12},"end":{"line":4,"column":78}},"2":{"start":{"line":4,"column":38},"end":{"line":4,"column":78}},"3":{"start":{"line":17,"column":42},"end":{"line":20,"column":2}},"4":{"start":{"line":27,"column":40},"end":{"line":29,"column":1}},"5":{"start":{"line":28,"column":2},"end":{"line":28,"column":36}},"6":{"start":{"line":27,"column":13},"end":{"line":27,"column":40}},"7":{"start":{"line":37,"column":26},"end":{"line":65,"column":1}},"8":{"start":{"line":38,"column":26},"end":{"line":38,"column":28}},"9":{"start":{"line":41,"column":20},"end":{"line":41,"column":60}},"10":{"start":{"line":41,"column":50},"end":{"line":41,"column":59}},"11":{"start":{"line":45,"column":2},"end":{"line":62,"column":null}},"12":{"start":{"line":45,"column":15},"end":{"line":45,"column":58}},"13":{"start":{"line":48,"column":4},"end":{"line":61,"column":null}},"14":{"start":{"line":48,"column":17},"end":{"line":48,"column":18}},"15":{"start":{"line":50,"column":24},"end":{"line":50,"column":42}},"16":{"start":{"line":52,"column":6},"end":{"line":60,"column":null}},"17":{"start":{"line":54,"column":45},"end":{"line":54,"column":67}},"18":{"start":{"line":58,"column":8},"end":{"line":58,"column":22}},"19":{"start":{"line":59,"column":8},"end":{"line":59,"column":14}},"20":{"start":{"line":64,"column":2},"end":{"line":64,"column":15}},"21":{"start":{"line":73,"column":25},"end":{"line":88,"column":1}},"22":{"start":{"line":74,"column":15},"end":{"line":74,"column":31}},"23":{"start":{"line":75,"column":2},"end":{"line":85,"column":5}},"24":{"start":{"line":79,"column":4},"end":{"line":79,"column":106}},"25":{"start":{"line":84,"column":4},"end":{"line":84,"column":86}},"26":{"start":{"line":87,"column":2},"end":{"line":87,"column":16}},"27":{"start":{"line":95,"column":21},"end":{"line":95,"column":71}},"28":{"start":{"line":95,"column":43},"end":{"line":95,"column":71}},"29":{"start":{"line":105,"column":24},"end":{"line":239,"column":1}},"30":{"start":{"line":106,"column":15},"end":{"line":106,"column":31}},"31":{"start":{"line":109,"column":20},"end":{"line":109,"column":51}},"32":{"start":{"line":112,"column":15},"end":{"line":112,"column":54}},"33":{"start":{"line":114,"column":15},"end":{"line":114,"column":17}},"34":{"start":{"line":115,"column":15},"end":{"line":115,"column":17}},"35":{"start":{"line":116,"column":14},"end":{"line":116,"column":19}},"36":{"start":{"line":117,"column":17},"end":{"line":117,"column":21}},"37":{"start":{"line":118,"column":15},"end":{"line":118,"column":20}},"38":{"start":{"line":119,"column":15},"end":{"line":119,"column":21}},"39":{"start":{"line":122,"column":2},"end":{"line":228,"column":null}},"40":{"start":{"line":122,"column":15},"end":{"line":122,"column":24}},"41":{"start":{"line":123,"column":17},"end":{"line":123,"column":26}},"42":{"start":{"line":125,"column":22},"end":{"line":125,"column":55}},"43":{"start":{"line":126,"column":23},"end":{"line":126,"column":49}},"44":{"start":{"line":127,"column":23},"end":{"line":127,"column":49}},"45":{"start":{"line":128,"column":21},"end":{"line":128,"column":47}},"46":{"start":{"line":131,"column":4},"end":{"line":132,"column":19}},"47":{"start":{"line":132,"column":6},"end":{"line":132,"column":19}},"48":{"start":{"line":135,"column":4},"end":{"line":136,"column":54}},"49":{"start":{"line":136,"column":6},"end":{"line":136,"column":54}},"50":{"start":{"line":142,"column":4},"end":{"line":143,"column":21}},"51":{"start":{"line":143,"column":6},"end":{"line":143,"column":21}},"52":{"start":{"line":145,"column":4},"end":{"line":166,"column":null}},"53":{"start":{"line":156,"column":6},"end":{"line":156,"column":43}},"54":{"start":{"line":156,"column":25},"end":{"line":156,"column":43}},"55":{"start":{"line":159,"column":6},"end":{"line":159,"column":53}},"56":{"start":{"line":162,"column":6},"end":{"line":162,"column":52}},"57":{"start":{"line":162,"column":40},"end":{"line":162,"column":52}},"58":{"start":{"line":165,"column":6},"end":{"line":165,"column":12}},"59":{"start":{"line":169,"column":4},"end":{"line":177,"column":null}},"60":{"start":{"line":171,"column":6},"end":{"line":173,"column":58}},"61":{"start":{"line":173,"column":8},"end":{"line":173,"column":58}},"62":{"start":{"line":176,"column":6},"end":{"line":176,"column":18}},"63":{"start":{"line":180,"column":4},"end":{"line":221,"column":null}},"64":{"start":{"line":182,"column":23},"end":{"line":182,"column":56}},"65":{"start":{"line":185,"column":18},"end":{"line":185,"column":31}},"66":{"start":{"line":186,"column":6},"end":{"line":186,"column":67}},"67":{"start":{"line":186,"column":16},"end":{"line":186,"column":67}},"68":{"start":{"line":189,"column":21},"end":{"line":189,"column":32}},"69":{"start":{"line":192,"column":6},"end":{"line":192,"column":95}},"70":{"start":{"line":197,"column":6},"end":{"line":197,"column":39}},"71":{"start":{"line":200,"column":6},"end":{"line":200,"column":22}},"72":{"start":{"line":203,"column":6},"end":{"line":217,"column":null}},"73":{"start":{"line":205,"column":8},"end":{"line":205,"column":20}},"74":{"start":{"line":208,"column":8},"end":{"line":208,"column":23}},"75":{"start":{"line":211,"column":8},"end":{"line":211,"column":22}},"76":{"start":{"line":216,"column":8},"end":{"line":216,"column":116}},"77":{"start":{"line":220,"column":6},"end":{"line":220,"column":15}},"78":{"start":{"line":224,"column":4},"end":{"line":224,"column":33}},"79":{"start":{"line":227,"column":4},"end":{"line":227,"column":19}},"80":{"start":{"line":234,"column":15},"end":{"line":234,"column":26}},"81":{"start":{"line":235,"column":2},"end":{"line":235,"column":60}},"82":{"start":{"line":235,"column":13},"end":{"line":235,"column":60}},"83":{"start":{"line":238,"column":2},"end":{"line":238,"column":95}},"84":{"start":{"line":248,"column":24},"end":{"line":276,"column":1}},"85":{"start":{"line":253,"column":23},"end":{"line":253,"column":55}},"86":{"start":{"line":256,"column":2},"end":{"line":257,"column":88}},"87":{"start":{"line":257,"column":4},"end":{"line":257,"column":88}},"88":{"start":{"line":260,"column":22},"end":{"line":261,"column":null}},"89":{"start":{"line":264,"column":22},"end":{"line":264,"column":36}},"90":{"start":{"line":267,"column":2},"end":{"line":269,"column":5}},"91":{"start":{"line":268,"column":4},"end":{"line":268,"column":93}},"92":{"start":{"line":271,"column":2},"end":{"line":271,"column":68}},"93":{"start":{"line":272,"column":2},"end":{"line":272,"column":48}},"94":{"start":{"line":275,"column":2},"end":{"line":275,"column":24}},"95":{"start":{"line":248,"column":13},"end":{"line":248,"column":24}}},"fnMap":{"0":{"name":"(anonymous_0)","decl":{"start":{"line":4,"column":12},"end":{"line":4,"column":13}},"loc":{"start":{"line":4,"column":38},"end":{"line":4,"column":78}}},"1":{"name":"(anonymous_1)","decl":{"start":{"line":27,"column":40},"end":{"line":27,"column":41}},"loc":{"start":{"line":27,"column":81},"end":{"line":29,"column":1}}},"2":{"name":"(anonymous_2)","decl":{"start":{"line":37,"column":26},"end":{"line":37,"column":27}},"loc":{"start":{"line":37,"column":77},"end":{"line":65,"column":1}}},"3":{"name":"(anonymous_3)","decl":{"start":{"line":41,"column":44},"end":{"line":41,"column":46}},"loc":{"start":{"line":41,"column":50},"end":{"line":41,"column":59}}},"4":{"name":"(anonymous_4)","decl":{"start":{"line":54,"column":34},"end":{"line":54,"column":35}},"loc":{"start":{"line":54,"column":45},"end":{"line":54,"column":67}}},"5":{"name":"(anonymous_5)","decl":{"start":{"line":73,"column":25},"end":{"line":73,"column":26}},"loc":{"start":{"line":73,"column":65},"end":{"line":88,"column":1}}},"6":{"name":"(anonymous_6)","decl":{"start":{"line":75,"column":28},"end":{"line":75,"column":35}},"loc":{"start":{"line":75,"column":38},"end":{"line":85,"column":3}}},"7":{"name":"(anonymous_7)","decl":{"start":{"line":95,"column":21},"end":{"line":95,"column":22}},"loc":{"start":{"line":95,"column":43},"end":{"line":95,"column":71}}},"8":{"name":"(anonymous_8)","decl":{"start":{"line":105,"column":24},"end":{"line":105,"column":25}},"loc":{"start":{"line":105,"column":108},"end":{"line":239,"column":1}}},"9":{"name":"(anonymous_9)","decl":{"start":{"line":248,"column":24},"end":{"line":248,"column":null}},"loc":{"start":{"line":252,"column":12},"end":{"line":276,"column":1}}},"10":{"name":"(anonymous_10)","decl":{"start":{"line":267,"column":60},"end":{"line":267,"column":66}},"loc":{"start":{"line":267,"column":69},"end":{"line":269,"column":3}}}},"branchMap":{"0":{"loc":{"start":{"line":52,"column":6},"end":{"line":60,"column":null}},"type":"if","locations":[{"start":{"line":52,"column":6},"end":{"line":60,"column":null}},{"start":{"line":52,"column":6},"end":{"line":60,"column":null}}]},"1":{"loc":{"start":{"line":54,"column":8},"end":{"line":56,"column":90}},"type":"binary-expr","locations":[{"start":{"line":54,"column":8},"end":{"line":54,"column":68}},{"start":{"line":56,"column":9},"end":{"line":56,"column":47}},{"start":{"line":56,"column":51},"end":{"line":56,"column":89}}]},"2":{"loc":{"start":{"line":125,"column":22},"end":{"line":125,"column":55}},"type":"binary-expr","locations":[{"start":{"line":125,"column":22},"end":{"line":125,"column":29}},{"start":{"line":125,"column":33},"end":{"line":125,"column":55}}]},"3":{"loc":{"start":{"line":126,"column":23},"end":{"line":126,"column":49}},"type":"binary-expr","locations":[{"start":{"line":126,"column":23},"end":{"line":126,"column":35}},{"start":{"line":126,"column":39},"end":{"line":126,"column":49}}]},"4":{"loc":{"start":{"line":127,"column":23},"end":{"line":127,"column":49}},"type":"binary-expr","locations":[{"start":{"line":127,"column":23},"end":{"line":127,"column":35}},{"start":{"line":127,"column":39},"end":{"line":127,"column":49}}]},"5":{"loc":{"start":{"line":128,"column":21},"end":{"line":128,"column":47}},"type":"binary-expr","locations":[{"start":{"line":128,"column":21},"end":{"line":128,"column":33}},{"start":{"line":128,"column":37},"end":{"line":128,"column":47}}]},"6":{"loc":{"start":{"line":131,"column":4},"end":{"line":132,"column":19}},"type":"if","locations":[{"start":{"line":131,"column":4},"end":{"line":132,"column":19}},{"start":{"line":131,"column":4},"end":{"line":132,"column":19}}]},"7":{"loc":{"start":{"line":135,"column":4},"end":{"line":136,"column":54}},"type":"if","locations":[{"start":{"line":135,"column":4},"end":{"line":136,"column":54}},{"start":{"line":135,"column":4},"end":{"line":136,"column":54}}]},"8":{"loc":{"start":{"line":135,"column":8},"end":{"line":135,"column":83}},"type":"binary-expr","locations":[{"start":{"line":135,"column":8},"end":{"line":135,"column":17}},{"start":{"line":135,"column":22},"end":{"line":135,"column":34}},{"start":{"line":135,"column":38},"end":{"line":135,"column":50}},{"start":{"line":135,"column":54},"end":{"line":135,"column":66}},{"start":{"line":135,"column":70},"end":{"line":135,"column":82}}]},"9":{"loc":{"start":{"line":142,"column":4},"end":{"line":143,"column":21}},"type":"if","locations":[{"start":{"line":142,"column":4},"end":{"line":143,"column":21}},{"start":{"line":142,"column":4},"end":{"line":143,"column":21}}]},"10":{"loc":{"start":{"line":142,"column":8},"end":{"line":142,"column":30}},"type":"binary-expr","locations":[{"start":{"line":142,"column":8},"end":{"line":142,"column":19}},{"start":{"line":142,"column":23},"end":{"line":142,"column":30}}]},"11":{"loc":{"start":{"line":145,"column":4},"end":{"line":166,"column":null}},"type":"if","locations":[{"start":{"line":145,"column":4},"end":{"line":166,"column":null}},{"start":{"line":145,"column":4},"end":{"line":166,"column":null}}]},"12":{"loc":{"start":{"line":147,"column":6},"end":{"line":153,"column":44}},"type":"binary-expr","locations":[{"start":{"line":147,"column":7},"end":{"line":147,"column":12}},{"start":{"line":147,"column":16},"end":{"line":147,"column":26}},{"start":{"line":147,"column":30},"end":{"line":147,"column":36}},{"start":{"line":149,"column":6},"end":{"line":149,"column":29}},{"start":{"line":151,"column":6},"end":{"line":151,"column":27}},{"start":{"line":153,"column":7},"end":{"line":153,"column":30}},{"start":{"line":153,"column":34},"end":{"line":153,"column":43}}]},"13":{"loc":{"start":{"line":156,"column":6},"end":{"line":156,"column":43}},"type":"if","locations":[{"start":{"line":156,"column":6},"end":{"line":156,"column":43}},{"start":{"line":156,"column":6},"end":{"line":156,"column":43}}]},"14":{"loc":{"start":{"line":159,"column":20},"end":{"line":159,"column":51}},"type":"cond-expr","locations":[{"start":{"line":159,"column":46},"end":{"line":159,"column":47}},{"start":{"line":159,"column":50},"end":{"line":159,"column":51}}]},"15":{"loc":{"start":{"line":162,"column":6},"end":{"line":162,"column":52}},"type":"if","locations":[{"start":{"line":162,"column":6},"end":{"line":162,"column":52}},{"start":{"line":162,"column":6},"end":{"line":162,"column":52}}]},"16":{"loc":{"start":{"line":169,"column":4},"end":{"line":177,"column":null}},"type":"if","locations":[{"start":{"line":169,"column":4},"end":{"line":177,"column":null}},{"start":{"line":169,"column":4},"end":{"line":177,"column":null}}]},"17":{"loc":{"start":{"line":169,"column":8},"end":{"line":169,"column":57}},"type":"binary-expr","locations":[{"start":{"line":169,"column":8},"end":{"line":169,"column":14}},{"start":{"line":169,"column":18},"end":{"line":169,"column":27}},{"start":{"line":169,"column":31},"end":{"line":169,"column":43}},{"start":{"line":169,"column":47},"end":{"line":169,"column":57}}]},"18":{"loc":{"start":{"line":171,"column":6},"end":{"line":173,"column":58}},"type":"if","locations":[{"start":{"line":171,"column":6},"end":{"line":173,"column":58}},{"start":{"line":171,"column":6},"end":{"line":173,"column":58}}]},"19":{"loc":{"start":{"line":180,"column":4},"end":{"line":221,"column":null}},"type":"if","locations":[{"start":{"line":180,"column":4},"end":{"line":221,"column":null}},{"start":{"line":180,"column":4},"end":{"line":221,"column":null}}]},"20":{"loc":{"start":{"line":180,"column":8},"end":{"line":180,"column":37}},"type":"binary-expr","locations":[{"start":{"line":180,"column":8},"end":{"line":180,"column":25}},{"start":{"line":180,"column":29},"end":{"line":180,"column":37}}]},"21":{"loc":{"start":{"line":186,"column":6},"end":{"line":186,"column":67}},"type":"if","locations":[{"start":{"line":186,"column":6},"end":{"line":186,"column":67}},{"start":{"line":186,"column":6},"end":{"line":186,"column":67}}]},"22":{"loc":{"start":{"line":203,"column":6},"end":{"line":217,"column":null}},"type":"if","locations":[{"start":{"line":203,"column":6},"end":{"line":217,"column":null}},{"start":{"line":203,"column":6},"end":{"line":217,"column":null}}]},"23":{"loc":{"start":{"line":235,"column":2},"end":{"line":235,"column":60}},"type":"if","locations":[{"start":{"line":235,"column":2},"end":{"line":235,"column":60}},{"start":{"line":235,"column":2},"end":{"line":235,"column":60}}]},"24":{"loc":{"start":{"line":250,"column":2},"end":{"line":250,"column":33}},"type":"default-arg","locations":[{"start":{"line":250,"column":29},"end":{"line":250,"column":33}}]},"25":{"loc":{"start":{"line":251,"column":2},"end":{"line":251,"column":34}},"type":"default-arg","locations":[{"start":{"line":251,"column":30},"end":{"line":251,"column":34}}]},"26":{"loc":{"start":{"line":256,"column":2},"end":{"line":257,"column":88}},"type":"if","locations":[{"start":{"line":256,"column":2},"end":{"line":257,"column":88}},{"start":{"line":256,"column":2},"end":{"line":257,"column":88}}]}},"s":{"0":1,"1":1,"2":1,"3":1,"4":1,"5":0,"6":1,"7":1,"8":1,"9":1,"10":1,"11":1,"12":1,"13":10,"14":10,"15":20,"16":20,"17":22,"18":0,"19":0,"20":1,"21":1,"22":1,"23":1,"24":0,"25":0,"26":1,"27":1,"28":1,"29":1,"30":0,"31":0,"32":0,"33":0,"34":0,"35":0,"36":0,"37":0,"38":0,"39":0,"40":0,"41":0,"42":0,"43":0,"44":0,"45":0,"46":0,"47":0,"48":0,"49":0,"50":0,"51":0,"52":0,"53":0,"54":0,"55":0,"56":0,"57":0,"58":0,"59":0,"60":0,"61":0,"62":0,"63":0,"64":0,"65":0,"66":0,"67":0,"68":0,"69":0,"70":0,"71":0,"72":0,"73":0,"74":0,"75":0,"76":0,"77":0,"78":0,"79":0,"80":0,"81":0,"82":0,"83":0,"84":1,"85":1,"86":1,"87":0,"88":1,"89":1,"90":1,"91":0,"92":1,"93":1,"94":1,"95":1},"f":{"0":1,"1":0,"2":1,"3":1,"4":22,"5":1,"6":0,"7":1,"8":0,"9":1,"10":0},"b":{"0":[0,20],"1":[20,0,0],"2":[0,0],"3":[0,0],"4":[0,0],"5":[0,0],"6":[0,0],"7":[0,0],"8":[0,0,0,0,0],"9":[0,0],"10":[0,0],"11":[0,0],"12":[0,0,0,0,0,0,0],"13":[0,0],"14":[0,0],"15":[0,0],"16":[0,0],"17":[0,0,0,0],"18":[0,0],"19":[0,0],"20":[0,0],"21":[0,0],"22":[0,0],"23":[0,0],"24":[1],"25":[1],"26":[0,1]}}
,"/Users/blvckbytes/Documents/Projects/ctor-ensure/src/field-type.enum.ts": {"path":"/Users/blvckbytes/Documents/Projects/ctor-ensure/src/field-type.enum.ts","statementMap":{"0":{"start":{"line":4,"column":0},"end":{"line":4,"column":null}},"1":{"start":{"line":5,"column":2},"end":{"line":5,"column":null}},"2":{"start":{"line":6,"column":2},"end":{"line":6,"column":null}},"3":{"start":{"line":7,"column":2},"end":{"line":7,"column":null}},"4":{"start":{"line":8,"column":2},"end":{"line":8,"column":null}},"5":{"start":{"line":11,"column":0},"end":{"line":11,"column":25}}},"fnMap":{"0":{"name":"(anonymous_0)","decl":{"start":{"line":4,"column":0},"end":{"line":4,"column":12}},"loc":{"start":{"line":4,"column":21},"end":{"line":9,"column":1}}}},"branchMap":{"0":{"loc":{"start":{"line":4,"column":12},"end":{"line":4,"column":null}},"type":"binary-expr","locations":[{"start":{"line":4,"column":12},"end":{"line":4,"column":21}},{"start":{"line":4,"column":12},"end":{"line":4,"column":null}}]}},"s":{"0":1,"1":1,"2":1,"3":1,"4":1,"5":1},"f":{"0":1},"b":{"0":[1,1]}}
,"/Users/blvckbytes/Documents/Projects/ctor-ensure/src/util.ts": {"path":"/Users/blvckbytes/Documents/Projects/ctor-ensure/src/util.ts","statementMap":{"0":{"start":{"line":8,"column":22},"end":{"line":8,"column":79}},"1":{"start":{"line":8,"column":63},"end":{"line":8,"column":79}},"2":{"start":{"line":8,"column":13},"end":{"line":8,"column":22}},"3":{"start":{"line":18,"column":25},"end":{"line":18,"column":121}},"4":{"start":{"line":18,"column":75},"end":{"line":18,"column":121}},"5":{"start":{"line":18,"column":13},"end":{"line":18,"column":25}}},"fnMap":{"0":{"name":"(anonymous_0)","decl":{"start":{"line":8,"column":22},"end":{"line":8,"column":23}},"loc":{"start":{"line":8,"column":63},"end":{"line":8,"column":79}}},"1":{"name":"(anonymous_1)","decl":{"start":{"line":18,"column":25},"end":{"line":18,"column":26}},"loc":{"start":{"line":18,"column":75},"end":{"line":18,"column":121}}}},"branchMap":{"0":{"loc":{"start":{"line":8,"column":63},"end":{"line":8,"column":79}},"type":"cond-expr","locations":[{"start":{"line":8,"column":71},"end":{"line":8,"column":74}},{"start":{"line":8,"column":77},"end":{"line":8,"column":79}}]},"1":{"loc":{"start":{"line":18,"column":53},"end":{"line":18,"column":62}},"type":"default-arg","locations":[{"start":{"line":18,"column":59},"end":{"line":18,"column":62}}]}},"s":{"0":1,"1":0,"2":1,"3":1,"4":0,"5":1},"f":{"0":0,"1":0},"b":{"0":[0,0],"1":[0]}}
,"/Users/blvckbytes/Documents/Projects/ctor-ensure/src/validated-arg.decorator.ts": {"path":"/Users/blvckbytes/Documents/Projects/ctor-ensure/src/validated-arg.decorator.ts","statementMap":{"0":{"start":{"line":1,"column":0},"end":{"line":1,"column":62}},"1":{"start":{"line":11,"column":21},"end":{"line":43,"column":3}},"2":{"start":{"line":15,"column":25},"end":{"line":43,"column":3}},"3":{"start":{"line":17,"column":4},"end":{"line":18,"column":61}},"4":{"start":{"line":18,"column":6},"end":{"line":18,"column":61}},"5":{"start":{"line":21,"column":38},"end":{"line":23,"column":null}},"6":{"start":{"line":25,"column":18},"end":{"line":26,"column":null}},"7":{"start":{"line":26,"column":12},"end":{"line":26,"column":66}},"8":{"start":{"line":30,"column":4},"end":{"line":38,"column":null}},"9":{"start":{"line":31,"column":6},"end":{"line":36,"column":29}},"10":{"start":{"line":37,"column":6},"end":{"line":37,"column":25}},"11":{"start":{"line":41,"column":20},"end":{"line":41,"column":61}},"12":{"start":{"line":42,"column":4},"end":{"line":42,"column":37}},"13":{"start":{"line":45,"column":0},"end":{"line":45,"column":28}}},"fnMap":{"0":{"name":"(anonymous_0)","decl":{"start":{"line":11,"column":21},"end":{"line":11,"column":null}},"loc":{"start":{"line":15,"column":25},"end":{"line":43,"column":3}}},"1":{"name":"(anonymous_1)","decl":{"start":{"line":15,"column":25},"end":{"line":15,"column":26}},"loc":{"start":{"line":15,"column":75},"end":{"line":43,"column":3}}},"2":{"name":"(anonymous_2)","decl":{"start":{"line":26,"column":6},"end":{"line":26,"column":8}},"loc":{"start":{"line":26,"column":12},"end":{"line":26,"column":66}}}},"branchMap":{"0":{"loc":{"start":{"line":13,"column":2},"end":{"line":13,"column":52}},"type":"default-arg","locations":[{"start":{"line":13,"column":50},"end":{"line":13,"column":52}}]},"1":{"loc":{"start":{"line":14,"column":2},"end":{"line":14,"column":17}},"type":"default-arg","locations":[{"start":{"line":14,"column":12},"end":{"line":14,"column":17}}]},"2":{"loc":{"start":{"line":17,"column":4},"end":{"line":18,"column":61}},"type":"if","locations":[{"start":{"line":17,"column":4},"end":{"line":18,"column":61}},{"start":{"line":17,"column":4},"end":{"line":18,"column":61}}]},"3":{"loc":{"start":{"line":26,"column":12},"end":{"line":26,"column":66}},"type":"binary-expr","locations":[{"start":{"line":26,"column":12},"end":{"line":26,"column":42}},{"start":{"line":26,"column":46},"end":{"line":26,"column":66}}]},"4":{"loc":{"start":{"line":30,"column":4},"end":{"line":38,"column":null}},"type":"if","locations":[{"start":{"line":30,"column":4},"end":{"line":38,"column":null}},{"start":{"line":30,"column":4},"end":{"line":38,"column":null}}]},"5":{"loc":{"start":{"line":41,"column":20},"end":{"line":41,"column":61}},"type":"cond-expr","locations":[{"start":{"line":41,"column":44},"end":{"line":41,"column":50}},{"start":{"line":41,"column":53},"end":{"line":41,"column":61}}]}},"s":{"0":1,"1":1,"2":1,"3":1,"4":1,"5":1,"6":1,"7":0,"8":1,"9":1,"10":1,"11":1,"12":1,"13":1},"f":{"0":1,"1":1,"2":0},"b":{"0":[0],"1":[1],"2":[1,0],"3":[0,0],"4":[1,0],"5":[0,1]}}
,"/Users/blvckbytes/Documents/Projects/ctor-ensure/src/ensure/alphanum.validation-ensure.ts": {"path":"/Users/blvckbytes/Documents/Projects/ctor-ensure/src/ensure/alphanum.validation-ensure.ts","statementMap":{"0":{"start":{"line":1,"column":0},"end":{"line":1,"column":59}},"1":{"start":{"line":9,"column":42},"end":{"line":12,"column":4}},"2":{"start":{"line":9,"column":67},"end":{"line":12,"column":4}},"3":{"start":{"line":14,"column":0},"end":{"line":14,"column":31}}},"fnMap":{"0":{"name":"(anonymous_0)","decl":{"start":{"line":9,"column":42},"end":{"line":9,"column":63}},"loc":{"start":{"line":9,"column":67},"end":{"line":12,"column":4}}}},"branchMap":{},"s":{"0":1,"1":1,"2":0,"3":1},"f":{"0":0},"b":{}}
,"/Users/blvckbytes/Documents/Projects/ctor-ensure/src/ensure/email.validation-ensure.ts": {"path":"/Users/blvckbytes/Documents/Projects/ctor-ensure/src/ensure/email.validation-ensure.ts","statementMap":{"0":{"start":{"line":1,"column":0},"end":{"line":1,"column":59}},"1":{"start":{"line":6,"column":20},"end":{"line":6,"column":470}},"2":{"start":{"line":12,"column":39},"end":{"line":15,"column":4}},"3":{"start":{"line":12,"column":64},"end":{"line":15,"column":4}},"4":{"start":{"line":17,"column":0},"end":{"line":17,"column":28}}},"fnMap":{"0":{"name":"(anonymous_0)","decl":{"start":{"line":12,"column":39},"end":{"line":12,"column":60}},"loc":{"start":{"line":12,"column":64},"end":{"line":15,"column":4}}}},"branchMap":{},"s":{"0":1,"1":1,"2":1,"3":0,"4":1},"f":{"0":0},"b":{}}
,"/Users/blvckbytes/Documents/Projects/ctor-ensure/src/ensure/equals.validation-ensure.ts": {"path":"/Users/blvckbytes/Documents/Projects/ctor-ensure/src/ensure/equals.validation-ensure.ts","statementMap":{"0":{"start":{"line":1,"column":0},"end":{"line":1,"column":59}},"1":{"start":{"line":10,"column":40},"end":{"line":16,"column":4}},"2":{"start":{"line":10,"column":88},"end":{"line":16,"column":4}},"3":{"start":{"line":18,"column":0},"end":{"line":18,"column":29}}},"fnMap":{"0":{"name":"(anonymous_0)","decl":{"start":{"line":10,"column":40},"end":{"line":10,"column":41}},"loc":{"start":{"line":10,"column":88},"end":{"line":16,"column":4}}}},"branchMap":{},"s":{"0":1,"1":1,"2":0,"3":1},"f":{"0":0},"b":{}}
,"/Users/blvckbytes/Documents/Projects/ctor-ensure/src/ensure/existing.validation-ensure.ts": {"path":"/Users/blvckbytes/Documents/Projects/ctor-ensure/src/ensure/existing.validation-ensure.ts","statementMap":{"0":{"start":{"line":1,"column":0},"end":{"line":1,"column":59}},"1":{"start":{"line":2,"column":0},"end":{"line":2,"column":43}},"2":{"start":{"line":10,"column":42},"end":{"line":14,"column":4}},"3":{"start":{"line":10,"column":67},"end":{"line":14,"column":4}},"4":{"start":{"line":16,"column":0},"end":{"line":16,"column":31}}},"fnMap":{"0":{"name":"(anonymous_0)","decl":{"start":{"line":10,"column":42},"end":{"line":10,"column":63}},"loc":{"start":{"line":10,"column":67},"end":{"line":14,"column":4}}}},"branchMap":{},"s":{"0":1,"1":1,"2":1,"3":0,"4":1},"f":{"0":0},"b":{}}
,"/Users/blvckbytes/Documents/Projects/ctor-ensure/src/ensure/float.validation-ensure.ts": {"path":"/Users/blvckbytes/Documents/Projects/ctor-ensure/src/ensure/float.validation-ensure.ts","statementMap":{"0":{"start":{"line":1,"column":0},"end":{"line":1,"column":59}},"1":{"start":{"line":2,"column":0},"end":{"line":2,"column":43}},"2":{"start":{"line":10,"column":39},"end":{"line":13,"column":4}},"3":{"start":{"line":10,"column":64},"end":{"line":13,"column":4}},"4":{"start":{"line":15,"column":0},"end":{"line":15,"column":28}}},"fnMap":{"0":{"name":"(anonymous_0)","decl":{"start":{"line":10,"column":39},"end":{"line":10,"column":60}},"loc":{"start":{"line":10,"column":64},"end":{"line":13,"column":4}}}},"branchMap":{},"s":{"0":1,"1":1,"2":1,"3":0,"4":1},"f":{"0":0},"b":{}}
,"/Users/blvckbytes/Documents/Projects/ctor-ensure/src/ensure/int.validation-ensure.ts": {"path":"/Users/blvckbytes/Documents/Projects/ctor-ensure/src/ensure/int.validation-ensure.ts","statementMap":{"0":{"start":{"line":1,"column":0},"end":{"line":1,"column":43}},"1":{"start":{"line":9,"column":37},"end":{"line":12,"column":4}},"2":{"start":{"line":9,"column":62},"end":{"line":12,"column":4}},"3":{"start":{"line":14,"column":0},"end":{"line":14,"column":26}}},"fnMap":{"0":{"name":"(anonymous_0)","decl":{"start":{"line":9,"column":37},"end":{"line":9,"column":58}},"loc":{"start":{"line":9,"column":62},"end":{"line":12,"column":4}}}},"branchMap":{},"s":{"0":1,"1":1,"2":0,"3":1},"f":{"0":0},"b":{}}
,"/Users/blvckbytes/Documents/Projects/ctor-ensure/src/ensure/max.validation-ensure.ts": {"path":"/Users/blvckbytes/Documents/Projects/ctor-ensure/src/ensure/max.validation-ensure.ts","statementMap":{"0":{"start":{"line":3,"column":0},"end":{"line":3,"column":55}},"1":{"start":{"line":10,"column":37},"end":{"line":10,"column":94}},"2":{"start":{"line":10,"column":72},"end":{"line":10,"column":94}},"3":{"start":{"line":12,"column":0},"end":{"line":12,"column":26}}},"fnMap":{"0":{"name":"(anonymous_0)","decl":{"start":{"line":10,"column":37},"end":{"line":10,"column":38}},"loc":{"start":{"line":10,"column":72},"end":{"line":10,"column":94}}}},"branchMap":{},"s":{"0":1,"1":1,"2":0,"3":1},"f":{"0":0},"b":{}}
,"/Users/blvckbytes/Documents/Projects/ctor-ensure/src/ensure/min.validation-ensure.ts": {"path":"/Users/blvckbytes/Documents/Projects/ctor-ensure/src/ensure/min.validation-ensure.ts","statementMap":{"0":{"start":{"line":3,"column":0},"end":{"line":3,"column":55}},"1":{"start":{"line":10,"column":37},"end":{"line":10,"column":94}},"2":{"start":{"line":10,"column":72},"end":{"line":10,"column":94}},"3":{"start":{"line":12,"column":0},"end":{"line":12,"column":26}}},"fnMap":{"0":{"name":"(anonymous_0)","decl":{"start":{"line":10,"column":37},"end":{"line":10,"column":38}},"loc":{"start":{"line":10,"column":72},"end":{"line":10,"column":94}}}},"branchMap":{},"s":{"0":1,"1":1,"2":0,"3":1},"f":{"0":0},"b":{}}
,"/Users/blvckbytes/Documents/Projects/ctor-ensure/src/ensure/minmax.validation-ensure.ts": {"path":"/Users/blvckbytes/Documents/Projects/ctor-ensure/src/ensure/minmax.validation-ensure.ts","statementMap":{"0":{"start":{"line":1,"column":0},"end":{"line":1,"column":59}},"1":{"start":{"line":11,"column":40},"end":{"line":19,"column":1}},"2":{"start":{"line":12,"column":2},"end":{"line":12,"column":69}},"3":{"start":{"line":12,"column":26},"end":{"line":12,"column":69}},"4":{"start":{"line":13,"column":2},"end":{"line":18,"column":4}},"5":{"start":{"line":21,"column":0},"end":{"line":21,"column":29}}},"fnMap":{"0":{"name":"(anonymous_0)","decl":{"start":{"line":11,"column":40},"end":{"line":11,"column":41}},"loc":{"start":{"line":11,"column":87},"end":{"line":19,"column":1}}}},"branchMap":{"0":{"loc":{"start":{"line":12,"column":2},"end":{"line":12,"column":69}},"type":"if","locations":[{"start":{"line":12,"column":2},"end":{"line":12,"column":69}},{"start":{"line":12,"column":2},"end":{"line":12,"column":69}}]},"1":{"loc":{"start":{"line":12,"column":6},"end":{"line":12,"column":24}},"type":"binary-expr","locations":[{"start":{"line":12,"column":6},"end":{"line":12,"column":13}},{"start":{"line":12,"column":17},"end":{"line":12,"column":24}}]},"2":{"loc":{"start":{"line":14,"column":30},"end":{"line":14,"column":48}},"type":"cond-expr","locations":[{"start":{"line":14,"column":40},"end":{"line":14,"column":43}},{"start":{"line":14,"column":46},"end":{"line":14,"column":48}}]},"3":{"loc":{"start":{"line":14,"column":52},"end":{"line":14,"column":70}},"type":"cond-expr","locations":[{"start":{"line":14,"column":62},"end":{"line":14,"column":65}},{"start":{"line":14,"column":68},"end":{"line":14,"column":70}}]},"4":{"loc":{"start":{"line":16,"column":59},"end":{"line":16,"column":77}},"type":"binary-expr","locations":[{"start":{"line":16,"column":59},"end":{"line":16,"column":66}},{"start":{"line":16,"column":70},"end":{"line":16,"column":77}}]}},"s":{"0":1,"1":1,"2":0,"3":0,"4":0,"5":1},"f":{"0":0},"b":{"0":[0,0],"1":[0,0],"2":[0,0],"3":[0,0],"4":[0,0]}}
,"/Users/blvckbytes/Documents/Projects/ctor-ensure/src/ensure/nonempty.validation-ensure.ts": {"path":"/Users/blvckbytes/Documents/Projects/ctor-ensure/src/ensure/nonempty.validation-ensure.ts","statementMap":{"0":{"start":{"line":1,"column":0},"end":{"line":1,"column":59}},"1":{"start":{"line":9,"column":42},"end":{"line":12,"column":4}},"2":{"start":{"line":9,"column":67},"end":{"line":12,"column":4}},"3":{"start":{"line":14,"column":0},"end":{"line":14,"column":31}}},"fnMap":{"0":{"name":"(anonymous_0)","decl":{"start":{"line":9,"column":42},"end":{"line":9,"column":63}},"loc":{"start":{"line":9,"column":67},"end":{"line":12,"column":4}}}},"branchMap":{},"s":{"0":1,"1":1,"2":1,"3":1},"f":{"0":1},"b":{}}
,"/Users/blvckbytes/Documents/Projects/ctor-ensure/src/ensure/nonnull.validation-ensure.ts": {"path":"/Users/blvckbytes/Documents/Projects/ctor-ensure/src/ensure/nonnull.validation-ensure.ts","statementMap":{"0":{"start":{"line":1,"column":0},"end":{"line":1,"column":59}},"1":{"start":{"line":2,"column":0},"end":{"line":2,"column":43}},"2":{"start":{"line":10,"column":41},"end":{"line":14,"column":4}},"3":{"start":{"line":10,"column":66},"end":{"line":14,"column":4}},"4":{"start":{"line":16,"column":0},"end":{"line":16,"column":30}}},"fnMap":{"0":{"name":"(anonymous_0)","decl":{"start":{"line":10,"column":41},"end":{"line":10,"column":62}},"loc":{"start":{"line":10,"column":66},"end":{"line":14,"column":4}}}},"branchMap":{},"s":{"0":1,"1":1,"2":1,"3":0,"4":1},"f":{"0":0},"b":{}}
,"/Users/blvckbytes/Documents/Projects/ctor-ensure/src/ensure/pattern.validation-ensure.ts": {"path":"/Users/blvckbytes/Documents/Projects/ctor-ensure/src/ensure/pattern.validation-ensure.ts","statementMap":{"0":{"start":{"line":8,"column":41},"end":{"line":14,"column":4}},"1":{"start":{"line":11,"column":24},"end":{"line":14,"column":4}},"2":{"start":{"line":16,"column":0},"end":{"line":16,"column":30}}},"fnMap":{"0":{"name":"(anonymous_0)","decl":{"start":{"line":8,"column":41},"end":{"line":8,"column":null}},"loc":{"start":{"line":11,"column":24},"end":{"line":14,"column":4}}}},"branchMap":{},"s":{"0":1,"1":0,"2":1},"f":{"0":0},"b":{}}
,"/Users/blvckbytes/Documents/Projects/ctor-ensure/src/ensure/strdate.validation-ensure.ts": {"path":"/Users/blvckbytes/Documents/Projects/ctor-ensure/src/ensure/strdate.validation-ensure.ts","statementMap":{"0":{"start":{"line":1,"column":0},"end":{"line":1,"column":59}},"1":{"start":{"line":5,"column":22},"end":{"line":5,"column":85}},"2":{"start":{"line":11,"column":41},"end":{"line":14,"column":4}},"3":{"start":{"line":11,"column":66},"end":{"line":14,"column":4}},"4":{"start":{"line":16,"column":0},"end":{"line":16,"column":30}}},"fnMap":{"0":{"name":"(anonymous_0)","decl":{"start":{"line":11,"column":41},"end":{"line":11,"column":62}},"loc":{"start":{"line":11,"column":66},"end":{"line":14,"column":4}}}},"branchMap":{},"s":{"0":1,"1":1,"2":1,"3":0,"4":1},"f":{"0":0},"b":{}}
,"/Users/blvckbytes/Documents/Projects/ctor-ensure/src/ensure/strfloat.validation-ensure.ts": {"path":"/Users/blvckbytes/Documents/Projects/ctor-ensure/src/ensure/strfloat.validation-ensure.ts","statementMap":{"0":{"start":{"line":1,"column":0},"end":{"line":1,"column":59}},"1":{"start":{"line":9,"column":42},"end":{"line":12,"column":4}},"2":{"start":{"line":9,"column":67},"end":{"line":12,"column":4}},"3":{"start":{"line":14,"column":0},"end":{"line":14,"column":31}}},"fnMap":{"0":{"name":"(anonymous_0)","decl":{"start":{"line":9,"column":42},"end":{"line":9,"column":63}},"loc":{"start":{"line":9,"column":67},"end":{"line":12,"column":4}}}},"branchMap":{},"s":{"0":1,"1":1,"2":0,"3":1},"f":{"0":0},"b":{}}
,"/Users/blvckbytes/Documents/Projects/ctor-ensure/src/ensure/strint.validation-ensure.ts": {"path":"/Users/blvckbytes/Documents/Projects/ctor-ensure/src/ensure/strint.validation-ensure.ts","statementMap":{"0":{"start":{"line":8,"column":40},"end":{"line":11,"column":4}},"1":{"start":{"line":8,"column":65},"end":{"line":11,"column":4}},"2":{"start":{"line":13,"column":0},"end":{"line":13,"column":29}}},"fnMap":{"0":{"name":"(anonymous_0)","decl":{"start":{"line":8,"column":40},"end":{"line":8,"column":61}},"loc":{"start":{"line":8,"column":65},"end":{"line":11,"column":4}}}},"branchMap":{},"s":{"0":1,"1":0,"2":1},"f":{"0":0},"b":{}}
,"/Users/blvckbytes/Documents/Projects/ctor-ensure/src/ensure/struuid.validation-ensure.ts": {"path":"/Users/blvckbytes/Documents/Projects/ctor-ensure/src/ensure/struuid.validation-ensure.ts","statementMap":{"0":{"start":{"line":4,"column":13},"end":{"line":4,"column":92}},"1":{"start":{"line":10,"column":48},"end":{"line":13,"column":4}},"2":{"start":{"line":10,"column":73},"end":{"line":13,"column":4}},"3":{"start":{"line":10,"column":13},"end":{"line":10,"column":48}}},"fnMap":{"0":{"name":"(anonymous_0)","decl":{"start":{"line":10,"column":48},"end":{"line":10,"column":69}},"loc":{"start":{"line":10,"column":73},"end":{"line":13,"column":4}}}},"branchMap":{},"s":{"0":1,"1":1,"2":0,"3":1},"f":{"0":0},"b":{}}
,"/Users/blvckbytes/Documents/Projects/ctor-ensure/src/stage/isarray.validation-stage.ts": {"path":"/Users/blvckbytes/Documents/Projects/ctor-ensure/src/stage/isarray.validation-stage.ts","statementMap":{"0":{"start":{"line":1,"column":0},"end":{"line":1,"column":30}},"1":{"start":{"line":10,"column":39},"end":{"line":27,"column":1}},"2":{"start":{"line":18,"column":2},"end":{"line":23,"column":null}},"3":{"start":{"line":19,"column":4},"end":{"line":22,"column":6}},"4":{"start":{"line":26,"column":2},"end":{"line":26,"column":14}},"5":{"start":{"line":29,"column":0},"end":{"line":29,"column":29}}},"fnMap":{"0":{"name":"(anonymous_0)","decl":{"start":{"line":10,"column":39},"end":{"line":10,"column":null}},"loc":{"start":{"line":16,"column":31},"end":{"line":27,"column":1}}}},"branchMap":{"0":{"loc":{"start":{"line":18,"column":2},"end":{"line":23,"column":null}},"type":"if","locations":[{"start":{"line":18,"column":2},"end":{"line":23,"column":null}},{"start":{"line":18,"column":2},"end":{"line":23,"column":null}}]}},"s":{"0":1,"1":1,"2":2,"3":0,"4":2,"5":1},"f":{"0":2},"b":{"0":[0,2]}}
,"/Users/blvckbytes/Documents/Projects/ctor-ensure/src/stage/isequal.validation-stage.ts": {"path":"/Users/blvckbytes/Documents/Projects/ctor-ensure/src/stage/isequal.validation-stage.ts","statementMap":{"0":{"start":{"line":9,"column":39},"end":{"line":48,"column":1}},"1":{"start":{"line":18,"column":2},"end":{"line":19,"column":16}},"2":{"start":{"line":19,"column":4},"end":{"line":19,"column":16}},"3":{"start":{"line":22,"column":2},"end":{"line":44,"column":null}},"4":{"start":{"line":22,"column":15},"end":{"line":22,"column":16}},"5":{"start":{"line":23,"column":27},"end":{"line":23,"column":55}},"6":{"start":{"line":26,"column":24},"end":{"line":27,"column":15}},"7":{"start":{"line":26,"column":44},"end":{"line":26,"column":77}},"8":{"start":{"line":30,"column":4},"end":{"line":34,"column":null}},"9":{"start":{"line":31,"column":6},"end":{"line":33,"column":8}},"10":{"start":{"line":38,"column":4},"end":{"line":43,"column":null}},"11":{"start":{"line":39,"column":6},"end":{"line":42,"column":8}},"12":{"start":{"line":47,"column":2},"end":{"line":47,"column":14}},"13":{"start":{"line":50,"column":0},"end":{"line":50,"column":29}}},"fnMap":{"0":{"name":"(anonymous_0)","decl":{"start":{"line":9,"column":39},"end":{"line":9,"column":null}},"loc":{"start":{"line":16,"column":31},"end":{"line":48,"column":1}}},"1":{"name":"(anonymous_1)","decl":{"start":{"line":26,"column":38},"end":{"line":26,"column":40}},"loc":{"start":{"line":26,"column":44},"end":{"line":26,"column":77}}}},"branchMap":{"0":{"loc":{"start":{"line":18,"column":2},"end":{"line":19,"column":16}},"type":"if","locations":[{"start":{"line":18,"column":2},"end":{"line":19,"column":16}},{"start":{"line":18,"column":2},"end":{"line":19,"column":16}}]},"1":{"loc":{"start":{"line":18,"column":6},"end":{"line":18,"column":74}},"type":"binary-expr","locations":[{"start":{"line":18,"column":6},"end":{"line":18,"column":32}},{"start":{"line":18,"column":36},"end":{"line":18,"column":74}}]},"2":{"loc":{"start":{"line":26,"column":24},"end":{"line":27,"column":15}},"type":"cond-expr","locations":[{"start":{"line":26,"column":78},"end":{"line":26,"column":null}},{"start":{"line":26,"column":78},"end":{"line":27,"column":15}}]},"3":{"loc":{"start":{"line":26,"column":24},"end":{"line":26,"column":null}},"type":"binary-expr","locations":[{"start":{"line":26,"column":24},"end":{"line":26,"column":null}},{"start":{"line":26,"column":78},"end":{"line":26,"column":null}}]},"4":{"loc":{"start":{"line":30,"column":4},"end":{"line":34,"column":null}},"type":"if","locations":[{"start":{"line":30,"column":4},"end":{"line":34,"column":null}},{"start":{"line":30,"column":4},"end":{"line":34,"column":null}}]},"5":{"loc":{"start":{"line":38,"column":4},"end":{"line":43,"column":null}},"type":"if","locations":[{"start":{"line":38,"column":4},"end":{"line":43,"column":null}},{"start":{"line":38,"column":4},"end":{"line":43,"column":null}}]},"6":{"loc":{"start":{"line":38,"column":8},"end":{"line":38,"column":70}},"type":"binary-expr","locations":[{"start":{"line":38,"column":8},"end":{"line":38,"column":43}},{"start":{"line":38,"column":47},"end":{"line":38,"column":70}}]}},"s":{"0":1,"1":2,"2":2,"3":0,"4":0,"5":0,"6":0,"7":0,"8":0,"9":0,"10":0,"11":0,"12":0,"13":1},"f":{"0":2,"1":0},"b":{"0":[2,0],"1":[2,0],"2":[0,0],"3":[0,0],"4":[0,0],"5":[0,0],"6":[0,0]}}
,"/Users/blvckbytes/Documents/Projects/ctor-ensure/src/stage/ispattern.validation-stage.ts": {"path":"/Users/blvckbytes/Documents/Projects/ctor-ensure/src/stage/ispattern.validation-stage.ts","statementMap":{"0":{"start":{"line":9,"column":41},"end":{"line":33,"column":1}},"1":{"start":{"line":18,"column":2},"end":{"line":18,"column":39}},"2":{"start":{"line":18,"column":27},"end":{"line":18,"column":39}},"3":{"start":{"line":21,"column":2},"end":{"line":29,"column":6}},"4":{"start":{"line":26,"column":4},"end":{"line":29,"column":6}},"5":{"start":{"line":32,"column":2},"end":{"line":32,"column":14}},"6":{"start":{"line":35,"column":0},"end":{"line":35,"column":31}}},"fnMap":{"0":{"name":"(anonymous_0)","decl":{"start":{"line":9,"column":41},"end":{"line":9,"column":null}},"loc":{"start":{"line":16,"column":31},"end":{"line":33,"column":1}}}},"branchMap":{"0":{"loc":{"start":{"line":18,"column":2},"end":{"line":18,"column":39}},"type":"if","locations":[{"start":{"line":18,"column":2},"end":{"line":18,"column":39}},{"start":{"line":18,"column":2},"end":{"line":18,"column":39}}]},"1":{"loc":{"start":{"line":21,"column":2},"end":{"line":29,"column":6}},"type":"if","locations":[{"start":{"line":21,"column":2},"end":{"line":29,"column":6}},{"start":{"line":21,"column":2},"end":{"line":29,"column":6}}]},"2":{"loc":{"start":{"line":22,"column":4},"end":{"line":24,"column":47}},"type":"binary-expr","locations":[{"start":{"line":22,"column":4},"end":{"line":22,"column":22}},{"start":{"line":23,"column":4},"end":{"line":23,"column":27}},{"start":{"line":24,"column":4},"end":{"line":24,"column":47}}]}},"s":{"0":1,"1":2,"2":0,"3":2,"4":1,"5":1,"6":1},"f":{"0":2},"b":{"0":[0,2],"1":[1,1],"2":[2,2,2]}}
,"/Users/blvckbytes/Documents/Projects/ctor-ensure/src/stage/istype.validation-stage.ts": {"path":"/Users/blvckbytes/Documents/Projects/ctor-ensure/src/stage/istype.validation-stage.ts","statementMap":{"0":{"start":{"line":2,"column":0},"end":{"line":2,"column":43}},"1":{"start":{"line":12,"column":21},"end":{"line":12,"column":104}},"2":{"start":{"line":12,"column":46},"end":{"line":12,"column":104}},"3":{"start":{"line":12,"column":13},"end":{"line":12,"column":21}},"4":{"start":{"line":19,"column":23},"end":{"line":19,"column":104}},"5":{"start":{"line":19,"column":48},"end":{"line":19,"column":104}},"6":{"start":{"line":19,"column":13},"end":{"line":19,"column":23}},"7":{"start":{"line":24,"column":45},"end":{"line":67,"column":1}},"8":{"start":{"line":33,"column":2},"end":{"line":33,"column":36}},"9":{"start":{"line":33,"column":24},"end":{"line":33,"column":36}},"10":{"start":{"line":36,"column":16},"end":{"line":36,"column":21}},"11":{"start":{"line":37,"column":2},"end":{"line":56,"column":null}},"12":{"start":{"line":39,"column":6},"end":{"line":39,"column":40}},"13":{"start":{"line":40,"column":6},"end":{"line":40,"column":12}},"14":{"start":{"line":43,"column":6},"end":{"line":43,"column":35}},"15":{"start":{"line":44,"column":6},"end":{"line":44,"column":12}},"16":{"start":{"line":47,"column":6},"end":{"line":47,"column":66}},"17":{"start":{"line":48,"column":6},"end":{"line":48,"column":12}},"18":{"start":{"line":51,"column":6},"end":{"line":51,"column":68}},"19":{"start":{"line":52,"column":6},"end":{"line":52,"column":12}},"20":{"start":{"line":55,"column":6},"end":{"line":55,"column":56}},"21":{"start":{"line":59,"column":2},"end":{"line":63,"column":6}},"22":{"start":{"line":60,"column":4},"end":{"line":63,"column":6}},"23":{"start":{"line":66,"column":2},"end":{"line":66,"column":14}},"24":{"start":{"line":24,"column":13},"end":{"line":24,"column":45}}},"fnMap":{"0":{"name":"(anonymous_0)","decl":{"start":{"line":12,"column":21},"end":{"line":12,"column":22}},"loc":{"start":{"line":12,"column":46},"end":{"line":12,"column":104}}},"1":{"name":"(anonymous_1)","decl":{"start":{"line":19,"column":23},"end":{"line":19,"column":24}},"loc":{"start":{"line":19,"column":48},"end":{"line":19,"column":104}}},"2":{"name":"(anonymous_2)","decl":{"start":{"line":24,"column":45},"end":{"line":24,"column":null}},"loc":{"start":{"line":31,"column":31},"end":{"line":67,"column":1}}}},"branchMap":{"0":{"loc":{"start":{"line":12,"column":46},"end":{"line":12,"column":104}},"type":"binary-expr","locations":[{"start":{"line":12,"column":46},"end":{"line":12,"column":66}},{"start":{"line":12,"column":70},"end":{"line":12,"column":104}}]},"1":{"loc":{"start":{"line":19,"column":48},"end":{"line":19,"column":104}},"type":"binary-expr","locations":[{"start":{"line":19,"column":48},"end":{"line":19,"column":68}},{"start":{"line":19,"column":72},"end":{"line":19,"column":104}}]},"2":{"loc":{"start":{"line":33,"column":2},"end":{"line":33,"column":36}},"type":"if","locations":[{"start":{"line":33,"column":2},"end":{"line":33,"column":36}},{"start":{"line":33,"column":2},"end":{"line":33,"column":36}}]},"3":{"loc":{"start":{"line":37,"column":2},"end":{"line":56,"column":null}},"type":"switch","locations":[{"start":{"line":38,"column":4},"end":{"line":40,"column":12}},{"start":{"line":42,"column":4},"end":{"line":44,"column":12}},{"start":{"line":46,"column":4},"end":{"line":48,"column":12}},{"start":{"line":50,"column":4},"end":{"line":52,"column":12}},{"start":{"line":54,"column":4},"end":{"line":55,"column":56}}]},"4":{"loc":{"start":{"line":47,"column":16},"end":{"line":47,"column":65}},"type":"binary-expr","locations":[{"start":{"line":47,"column":16},"end":{"line":47,"column":32}},{"start":{"line":47,"column":36},"end":{"line":47,"column":65}}]},"5":{"loc":{"start":{"line":51,"column":16},"end":{"line":51,"column":67}},"type":"binary-expr","locations":[{"start":{"line":51,"column":16},"end":{"line":51,"column":34}},{"start":{"line":51,"column":38},"end":{"line":51,"column":67}}]},"6":{"loc":{"start":{"line":59,"column":2},"end":{"line":63,"column":6}},"type":"if","locations":[{"start":{"line":59,"column":2},"end":{"line":63,"column":6}},{"start":{"line":59,"column":2},"end":{"line":63,"column":6}}]},"7":{"loc":{"start":{"line":59,"column":20},"end":{"line":59,"column":46}},"type":"binary-expr","locations":[{"start":{"line":59,"column":20},"end":{"line":59,"column":37}},{"start":{"line":59,"column":41},"end":{"line":59,"column":46}}]}},"s":{"0":1,"1":1,"2":0,"3":1,"4":1,"5":0,"6":1,"7":1,"8":1,"9":1,"10":0,"11":0,"12":0,"13":0,"14":0,"15":0,"16":0,"17":0,"18":0,"19":0,"20":0,"21":0,"22":0,"23":0,"24":1},"f":{"0":0,"1":0,"2":1},"b":{"0":[0,0],"1":[0,0],"2":[1,0],"3":[0,0,0,0,0],"4":[0,0],"5":[0,0],"6":[0,0],"7":[0,0]}}
}
